ERROR - 2022-07-13 08:54:01 --> Unknown column 'mm' in 'order clause'
CRITICAL - 2022-07-13 08:54:01 --> Unknown column 'mm' in 'order clause'
#0 /home/rdn/Desktop/ci4-restapi-jwt/vendor/codeigniter4/framework/system/Database/MySQLi/Connection.php(292): mysqli->query()
#1 /home/rdn/Desktop/ci4-restapi-jwt/vendor/codeigniter4/framework/system/Database/BaseConnection.php(670): CodeIgniter\Database\MySQLi\Connection->execute()
#2 /home/rdn/Desktop/ci4-restapi-jwt/vendor/codeigniter4/framework/system/Database/BaseConnection.php(598): CodeIgniter\Database\BaseConnection->simpleQuery()
#3 /home/rdn/Desktop/ci4-restapi-jwt/vendor/codeigniter4/framework/system/Database/BaseBuilder.php(1455): CodeIgniter\Database\BaseConnection->query()
#4 /home/rdn/Desktop/ci4-restapi-jwt/vendor/codeigniter4/framework/system/Model.php(183): CodeIgniter\Database\BaseBuilder->get()
#5 /home/rdn/Desktop/ci4-restapi-jwt/vendor/codeigniter4/framework/system/BaseModel.php(584): CodeIgniter\Model->doFindAll()
#6 /home/rdn/Desktop/ci4-restapi-jwt/app/Controllers/Request.php(17): CodeIgniter\BaseModel->findAll()
#7 /home/rdn/Desktop/ci4-restapi-jwt/vendor/codeigniter4/framework/system/CodeIgniter.php(832): App\Controllers\Request->index()
#8 /home/rdn/Desktop/ci4-restapi-jwt/vendor/codeigniter4/framework/system/CodeIgniter.php(419): CodeIgniter\CodeIgniter->runController()
#9 /home/rdn/Desktop/ci4-restapi-jwt/vendor/codeigniter4/framework/system/CodeIgniter.php(326): CodeIgniter\CodeIgniter->handleRequest()
#10 /home/rdn/Desktop/ci4-restapi-jwt/public/index.php(37): CodeIgniter\CodeIgniter->run()
#11 /home/rdn/Desktop/ci4-restapi-jwt/vendor/codeigniter4/framework/system/Commands/Server/rewrite.php(43): require_once('/home/rdn/Deskt...')
#12 {main}
ERROR - 2022-07-13 09:04:57 --> Unknown column 'id' in 'where clause'
CRITICAL - 2022-07-13 09:04:57 --> Unknown column 'id' in 'where clause'
#0 /home/rdn/Desktop/ci4-restapi-jwt/vendor/codeigniter4/framework/system/Database/MySQLi/Connection.php(292): mysqli->query()
#1 /home/rdn/Desktop/ci4-restapi-jwt/vendor/codeigniter4/framework/system/Database/BaseConnection.php(670): CodeIgniter\Database\MySQLi\Connection->execute()
#2 /home/rdn/Desktop/ci4-restapi-jwt/vendor/codeigniter4/framework/system/Database/BaseConnection.php(598): CodeIgniter\Database\BaseConnection->simpleQuery()
#3 /home/rdn/Desktop/ci4-restapi-jwt/vendor/codeigniter4/framework/system/Database/BaseBuilder.php(1455): CodeIgniter\Database\BaseConnection->query()
#4 /home/rdn/Desktop/ci4-restapi-jwt/vendor/codeigniter4/framework/system/Model.php(183): CodeIgniter\Database\BaseBuilder->get()
#5 /home/rdn/Desktop/ci4-restapi-jwt/vendor/codeigniter4/framework/system/BaseModel.php(584): CodeIgniter\Model->doFindAll()
#6 /home/rdn/Desktop/ci4-restapi-jwt/app/Controllers/Request.php(55): CodeIgniter\BaseModel->findAll()
#7 /home/rdn/Desktop/ci4-restapi-jwt/vendor/codeigniter4/framework/system/CodeIgniter.php(832): App\Controllers\Request->update()
#8 /home/rdn/Desktop/ci4-restapi-jwt/vendor/codeigniter4/framework/system/CodeIgniter.php(419): CodeIgniter\CodeIgniter->runController()
#9 /home/rdn/Desktop/ci4-restapi-jwt/vendor/codeigniter4/framework/system/CodeIgniter.php(326): CodeIgniter\CodeIgniter->handleRequest()
#10 /home/rdn/Desktop/ci4-restapi-jwt/public/index.php(37): CodeIgniter\CodeIgniter->run()
#11 /home/rdn/Desktop/ci4-restapi-jwt/vendor/codeigniter4/framework/system/Commands/Server/rewrite.php(43): require_once('/home/rdn/Deskt...')
#12 {main}
ERROR - 2022-07-13 09:06:31 --> Unknown column 'id' in 'where clause'
CRITICAL - 2022-07-13 09:06:31 --> Unknown column 'id' in 'where clause'
#0 /home/rdn/Desktop/ci4-restapi-jwt/vendor/codeigniter4/framework/system/Database/MySQLi/Connection.php(292): mysqli->query()
#1 /home/rdn/Desktop/ci4-restapi-jwt/vendor/codeigniter4/framework/system/Database/BaseConnection.php(670): CodeIgniter\Database\MySQLi\Connection->execute()
#2 /home/rdn/Desktop/ci4-restapi-jwt/vendor/codeigniter4/framework/system/Database/BaseConnection.php(598): CodeIgniter\Database\BaseConnection->simpleQuery()
#3 /home/rdn/Desktop/ci4-restapi-jwt/vendor/codeigniter4/framework/system/Database/BaseBuilder.php(1455): CodeIgniter\Database\BaseConnection->query()
#4 /home/rdn/Desktop/ci4-restapi-jwt/vendor/codeigniter4/framework/system/Model.php(183): CodeIgniter\Database\BaseBuilder->get()
#5 /home/rdn/Desktop/ci4-restapi-jwt/vendor/codeigniter4/framework/system/BaseModel.php(584): CodeIgniter\Model->doFindAll()
#6 /home/rdn/Desktop/ci4-restapi-jwt/app/Controllers/Request.php(73): CodeIgniter\BaseModel->findAll()
#7 /home/rdn/Desktop/ci4-restapi-jwt/vendor/codeigniter4/framework/system/CodeIgniter.php(832): App\Controllers\Request->delete()
#8 /home/rdn/Desktop/ci4-restapi-jwt/vendor/codeigniter4/framework/system/CodeIgniter.php(419): CodeIgniter\CodeIgniter->runController()
#9 /home/rdn/Desktop/ci4-restapi-jwt/vendor/codeigniter4/framework/system/CodeIgniter.php(326): CodeIgniter\CodeIgniter->handleRequest()
#10 /home/rdn/Desktop/ci4-restapi-jwt/public/index.php(37): CodeIgniter\CodeIgniter->run()
#11 /home/rdn/Desktop/ci4-restapi-jwt/vendor/codeigniter4/framework/system/Commands/Server/rewrite.php(43): require_once('/home/rdn/Deskt...')
#12 {main}
